                                 Started job on |	Nov 24 15:17:26
                             Started mapping on |	Nov 24 15:21:46
                                    Finished on |	Nov 24 15:26:08
       Mapping speed, Million of reads per hour |	290.61

                          Number of input reads |	21149680
                      Average input read length |	101
                                    UNIQUE READS:
                   Uniquely mapped reads number |	19367267
                        Uniquely mapped reads % |	91.57%
                          Average mapped length |	100.60
                       Number of splices: Total |	6182831
            Number of splices: Annotated (sjdb) |	6120367
                       Number of splices: GT/AG |	6119589
                       Number of splices: GC/AG |	41898
                       Number of splices: AT/AC |	5155
               Number of splices: Non-canonical |	16189
                      Mismatch rate per base, % |	0.23%
                         Deletion rate per base |	0.01%
                        Deletion average length |	1.60
                        Insertion rate per base |	0.01%
                       Insertion average length |	1.42
                             MULTI-MAPPING READS:
        Number of reads mapped to multiple loci |	1462888
             % of reads mapped to multiple loci |	6.92%
        Number of reads mapped to too many loci |	9556
             % of reads mapped to too many loci |	0.05%
                                  UNMAPPED READS:
  Number of reads unmapped: too many mismatches |	0
       % of reads unmapped: too many mismatches |	0.00%
            Number of reads unmapped: too short |	287555
                 % of reads unmapped: too short |	1.36%
                Number of reads unmapped: other |	22414
                     % of reads unmapped: other |	0.11%
                                  CHIMERIC READS:
                       Number of chimeric reads |	0
                            % of chimeric reads |	0.00%
