                                 Started job on |	Nov 24 15:26:10
                             Started mapping on |	Nov 24 15:29:53
                                    Finished on |	Nov 24 15:36:37
       Mapping speed, Million of reads per hour |	269.87

                          Number of input reads |	30285120
                      Average input read length |	101
                                    UNIQUE READS:
                   Uniquely mapped reads number |	23384307
                        Uniquely mapped reads % |	77.21%
                          Average mapped length |	100.61
                       Number of splices: Total |	7736125
            Number of splices: Annotated (sjdb) |	7660859
                       Number of splices: GT/AG |	7653664
                       Number of splices: GC/AG |	47556
                       Number of splices: AT/AC |	5942
               Number of splices: Non-canonical |	28963
                      Mismatch rate per base, % |	0.23%
                         Deletion rate per base |	0.01%
                        Deletion average length |	1.67
                        Insertion rate per base |	0.01%
                       Insertion average length |	1.35
                             MULTI-MAPPING READS:
        Number of reads mapped to multiple loci |	5171929
             % of reads mapped to multiple loci |	17.08%
        Number of reads mapped to too many loci |	16929
             % of reads mapped to too many loci |	0.06%
                                  UNMAPPED READS:
  Number of reads unmapped: too many mismatches |	0
       % of reads unmapped: too many mismatches |	0.00%
            Number of reads unmapped: too short |	1679939
                 % of reads unmapped: too short |	5.55%
                Number of reads unmapped: other |	32016
                     % of reads unmapped: other |	0.11%
                                  CHIMERIC READS:
                       Number of chimeric reads |	0
                            % of chimeric reads |	0.00%
