                                 Started job on |	Nov 24 15:44:18
                             Started mapping on |	Nov 24 15:48:09
                                    Finished on |	Nov 24 15:55:10
       Mapping speed, Million of reads per hour |	295.28

                          Number of input reads |	34530966
                      Average input read length |	101
                                    UNIQUE READS:
                   Uniquely mapped reads number |	28185880
                        Uniquely mapped reads % |	81.62%
                          Average mapped length |	100.64
                       Number of splices: Total |	11979867
            Number of splices: Annotated (sjdb) |	11892184
                       Number of splices: GT/AG |	11857535
                       Number of splices: GC/AG |	83798
                       Number of splices: AT/AC |	7741
               Number of splices: Non-canonical |	30793
                      Mismatch rate per base, % |	0.22%
                         Deletion rate per base |	0.01%
                        Deletion average length |	1.66
                        Insertion rate per base |	0.01%
                       Insertion average length |	1.30
                             MULTI-MAPPING READS:
        Number of reads mapped to multiple loci |	5791535
             % of reads mapped to multiple loci |	16.77%
        Number of reads mapped to too many loci |	6230
             % of reads mapped to too many loci |	0.02%
                                  UNMAPPED READS:
  Number of reads unmapped: too many mismatches |	0
       % of reads unmapped: too many mismatches |	0.00%
            Number of reads unmapped: too short |	514980
                 % of reads unmapped: too short |	1.49%
                Number of reads unmapped: other |	32341
                     % of reads unmapped: other |	0.09%
                                  CHIMERIC READS:
                       Number of chimeric reads |	0
                            % of chimeric reads |	0.00%
