                                 Started job on |	Nov 24 15:06:05
                             Started mapping on |	Nov 24 15:09:51
                                    Finished on |	Nov 24 15:17:25
       Mapping speed, Million of reads per hour |	280.03

                          Number of input reads |	35315270
                      Average input read length |	101
                                    UNIQUE READS:
                   Uniquely mapped reads number |	28046913
                        Uniquely mapped reads % |	79.42%
                          Average mapped length |	100.62
                       Number of splices: Total |	7454739
            Number of splices: Annotated (sjdb) |	7337204
                       Number of splices: GT/AG |	7369747
                       Number of splices: GC/AG |	49317
                       Number of splices: AT/AC |	5864
               Number of splices: Non-canonical |	29811
                      Mismatch rate per base, % |	0.23%
                         Deletion rate per base |	0.01%
                        Deletion average length |	1.64
                        Insertion rate per base |	0.01%
                       Insertion average length |	1.35
                             MULTI-MAPPING READS:
        Number of reads mapped to multiple loci |	6180963
             % of reads mapped to multiple loci |	17.50%
        Number of reads mapped to too many loci |	44490
             % of reads mapped to too many loci |	0.13%
                                  UNMAPPED READS:
  Number of reads unmapped: too many mismatches |	0
       % of reads unmapped: too many mismatches |	0.00%
            Number of reads unmapped: too short |	999391
                 % of reads unmapped: too short |	2.83%
                Number of reads unmapped: other |	43513
                     % of reads unmapped: other |	0.12%
                                  CHIMERIC READS:
                       Number of chimeric reads |	0
                            % of chimeric reads |	0.00%
