                                 Started job on |	Nov 24 15:55:12
                             Started mapping on |	Nov 24 15:59:09
                                    Finished on |	Nov 24 16:04:47
       Mapping speed, Million of reads per hour |	282.70

                          Number of input reads |	26541980
                      Average input read length |	101
                                    UNIQUE READS:
                   Uniquely mapped reads number |	23085534
                        Uniquely mapped reads % |	86.98%
                          Average mapped length |	100.61
                       Number of splices: Total |	7081793
            Number of splices: Annotated (sjdb) |	7022711
                       Number of splices: GT/AG |	7010641
                       Number of splices: GC/AG |	42698
                       Number of splices: AT/AC |	5366
               Number of splices: Non-canonical |	23088
                      Mismatch rate per base, % |	0.23%
                         Deletion rate per base |	0.01%
                        Deletion average length |	1.54
                        Insertion rate per base |	0.01%
                       Insertion average length |	1.33
                             MULTI-MAPPING READS:
        Number of reads mapped to multiple loci |	2754595
             % of reads mapped to multiple loci |	10.38%
        Number of reads mapped to too many loci |	33473
             % of reads mapped to too many loci |	0.13%
                                  UNMAPPED READS:
  Number of reads unmapped: too many mismatches |	0
       % of reads unmapped: too many mismatches |	0.00%
            Number of reads unmapped: too short |	641789
                 % of reads unmapped: too short |	2.42%
                Number of reads unmapped: other |	26589
                     % of reads unmapped: other |	0.10%
                                  CHIMERIC READS:
                       Number of chimeric reads |	0
                            % of chimeric reads |	0.00%
