                                 Started job on |	Nov 24 14:56:40
                             Started mapping on |	Nov 24 15:00:08
                                    Finished on |	Nov 24 15:06:03
       Mapping speed, Million of reads per hour |	290.40

                          Number of input reads |	28636956
                      Average input read length |	101
                                    UNIQUE READS:
                   Uniquely mapped reads number |	25946626
                        Uniquely mapped reads % |	90.61%
                          Average mapped length |	100.63
                       Number of splices: Total |	10769334
            Number of splices: Annotated (sjdb) |	10679141
                       Number of splices: GT/AG |	10665603
                       Number of splices: GC/AG |	73984
                       Number of splices: AT/AC |	8269
               Number of splices: Non-canonical |	21478
                      Mismatch rate per base, % |	0.20%
                         Deletion rate per base |	0.01%
                        Deletion average length |	1.83
                        Insertion rate per base |	0.01%
                       Insertion average length |	1.34
                             MULTI-MAPPING READS:
        Number of reads mapped to multiple loci |	2197976
             % of reads mapped to multiple loci |	7.68%
        Number of reads mapped to too many loci |	11833
             % of reads mapped to too many loci |	0.04%
                                  UNMAPPED READS:
  Number of reads unmapped: too many mismatches |	0
       % of reads unmapped: too many mismatches |	0.00%
            Number of reads unmapped: too short |	448578
                 % of reads unmapped: too short |	1.57%
                Number of reads unmapped: other |	31943
                     % of reads unmapped: other |	0.11%
                                  CHIMERIC READS:
                       Number of chimeric reads |	0
                            % of chimeric reads |	0.00%
