                                 Started job on |	Nov 24 15:36:38
                             Started mapping on |	Nov 24 15:39:58
                                    Finished on |	Nov 24 15:44:15
       Mapping speed, Million of reads per hour |	300.16

                          Number of input reads |	21428160
                      Average input read length |	101
                                    UNIQUE READS:
                   Uniquely mapped reads number |	19352824
                        Uniquely mapped reads % |	90.31%
                          Average mapped length |	100.60
                       Number of splices: Total |	7193825
            Number of splices: Annotated (sjdb) |	7137601
                       Number of splices: GT/AG |	7118726
                       Number of splices: GC/AG |	49272
                       Number of splices: AT/AC |	4967
               Number of splices: Non-canonical |	20860
                      Mismatch rate per base, % |	0.21%
                         Deletion rate per base |	0.01%
                        Deletion average length |	1.73
                        Insertion rate per base |	0.01%
                       Insertion average length |	1.42
                             MULTI-MAPPING READS:
        Number of reads mapped to multiple loci |	1773412
             % of reads mapped to multiple loci |	8.28%
        Number of reads mapped to too many loci |	7306
             % of reads mapped to too many loci |	0.03%
                                  UNMAPPED READS:
  Number of reads unmapped: too many mismatches |	0
       % of reads unmapped: too many mismatches |	0.00%
            Number of reads unmapped: too short |	273328
                 % of reads unmapped: too short |	1.28%
                Number of reads unmapped: other |	21290
                     % of reads unmapped: other |	0.10%
                                  CHIMERIC READS:
                       Number of chimeric reads |	0
                            % of chimeric reads |	0.00%
